2020-01-25 17:30:57,095 INFO [main] c.t.t.t.TestBase [TestBase.java:23] Start test logInTest with parameters []
2020-01-25 17:31:40,051 INFO [main] c.t.t.t.TestBase [TestBase.java:29] Stop test logInTest
2020-01-25 17:31:40,056 INFO [main] c.t.t.t.TestBase [TestBase.java:23] Start test testBoardCreationFromHeader with parameters []
2020-01-25 17:31:51,702 INFO [main] c.t.t.t.TestBase [TestBase.java:29] Stop test testBoardCreationFromHeader
2020-01-25 17:31:51,715 INFO [main] c.t.t.t.TestBase [TestBase.java:23] Start test testBoardCreationFromHeaderFromCSV with parameters [BoardData{boardName='1'}]
2020-01-25 17:32:03,051 INFO [main] c.t.t.t.TestBase [TestBase.java:29] Stop test testBoardCreationFromHeaderFromCSV
2020-01-25 17:32:03,053 INFO [main] c.t.t.t.TestBase [TestBase.java:23] Start test testBoardCreationFromHeaderFromCSV with parameters [BoardData{boardName='q'}]
2020-01-25 17:32:14,280 INFO [main] c.t.t.t.TestBase [TestBase.java:29] Stop test testBoardCreationFromHeaderFromCSV
2020-01-25 17:32:14,282 INFO [main] c.t.t.t.TestBase [TestBase.java:23] Start test testBoardCreationFromHeaderFromCSV with parameters [BoardData{boardName='New Board Name'}]
2020-01-25 17:32:25,619 INFO [main] c.t.t.t.TestBase [TestBase.java:29] Stop test testBoardCreationFromHeaderFromCSV
2020-01-25 17:32:25,620 INFO [main] c.t.t.t.TestBase [TestBase.java:23] Start test testBoardCreationFromHeaderFromCSV with parameters [BoardData{boardName='It is a long established fact that a reader will be distracted by the readable'}]
2020-01-25 17:32:37,631 INFO [main] c.t.t.t.TestBase [TestBase.java:29] Stop test testBoardCreationFromHeaderFromCSV
2020-01-25 17:32:57,760 INFO [main] c.t.t.t.TestBase [TestBase.java:23] Start test testFirstBoardDeletion with parameters []
2020-01-25 17:33:03,551 INFO [main] c.t.t.t.TestBase [TestBase.java:29] Stop test testFirstBoardDeletion
2020-01-25 17:33:03,553 INFO [main] c.t.t.t.TestBase [TestBase.java:23] Start test teamCreationTestFromHeader with parameters []
2020-01-25 17:33:35,192 INFO [main] c.t.t.t.TestBase [TestBase.java:29] Stop test teamCreationTestFromHeader
2020-01-25 17:33:35,195 INFO [main] c.t.t.t.TestBase [TestBase.java:23] Start test teamCreationTestFromHeaderWithDP with parameters [TeamData{teamName='mpeayp27jjrbi_67f7cle', teamDescr='mpeayp27jjrbi67f7cle'}]
2020-01-25 17:33:52,153 INFO [main] c.t.t.t.TestBase [TestBase.java:29] Stop test teamCreationTestFromHeaderWithDP
2020-01-25 17:33:52,154 INFO [main] c.t.t.t.TestBase [TestBase.java:23] Start test teamCreationTestFromHeaderWithDP with parameters [TeamData{teamName='2', teamDescr=' 1X1ixsfAEUIMRbwJUz2YheUcRABfcN0lISgTJpWSOkRSJmnWapsFehbWx2eSEkqdhKaArwd5uU9lO3tlJjvEphWLQ499kd0q1ANB'}]
2020-01-25 17:34:07,774 INFO [main] c.t.t.t.TestBase [TestBase.java:29] Stop test teamCreationTestFromHeaderWithDP
2020-01-25 17:34:07,776 INFO [main] c.t.t.t.TestBase [TestBase.java:23] Start test teamCreationTestFromHeaderWithDP with parameters [TeamData{teamName='&%"', teamDescr='nz9LIpvznDSonBWs4kFy7gMUKoBD1PFL3R3zBAYZfqYWvf0e6V9OVjzE3gsJOakSmANhq2YpUidgChoKBDgKCe7iVPyehkzgPf6O'}]
2020-01-25 17:34:10,142 INFO [main] c.t.t.t.TestBase [TestBase.java:29] Stop test teamCreationTestFromHeaderWithDP
2020-01-25 17:40:14,906 INFO [Test worker] c.t.t.t.TestBase [TestBase.java:23] Start test testBoardCreationFromHeader with parameters []
2020-01-25 17:41:15,661 INFO [Test worker] c.t.t.t.TestBase [TestBase.java:29] Stop test testBoardCreationFromHeader
2020-01-25 17:41:15,670 INFO [Test worker] c.t.t.t.TestBase [TestBase.java:23] Start test testBoardCreationFromHeaderFromCSV with parameters [BoardData{boardName='1'}]
2020-01-25 17:41:27,116 INFO [Test worker] c.t.t.t.TestBase [TestBase.java:29] Stop test testBoardCreationFromHeaderFromCSV
2020-01-25 17:41:27,118 INFO [Test worker] c.t.t.t.TestBase [TestBase.java:23] Start test testBoardCreationFromHeaderFromCSV with parameters [BoardData{boardName='q'}]
2020-01-25 17:41:38,432 INFO [Test worker] c.t.t.t.TestBase [TestBase.java:29] Stop test testBoardCreationFromHeaderFromCSV
2020-01-25 17:41:38,434 INFO [Test worker] c.t.t.t.TestBase [TestBase.java:23] Start test testBoardCreationFromHeaderFromCSV with parameters [BoardData{boardName='New Board Name'}]
2020-01-25 17:41:50,218 INFO [Test worker] c.t.t.t.TestBase [TestBase.java:29] Stop test testBoardCreationFromHeaderFromCSV
2020-01-25 17:41:50,220 INFO [Test worker] c.t.t.t.TestBase [TestBase.java:23] Start test testBoardCreationFromHeaderFromCSV with parameters [BoardData{boardName='It is a long established fact that a reader will be distracted by the readable'}]
2020-01-25 17:42:02,472 INFO [Test worker] c.t.t.t.TestBase [TestBase.java:29] Stop test testBoardCreationFromHeaderFromCSV
2020-01-25 17:43:37,729 INFO [Test worker] c.t.t.t.TestBase [TestBase.java:23] Start test teamCreationTestFromHeader with parameters []
2020-01-25 17:44:28,008 INFO [Test worker] c.t.t.t.TestBase [TestBase.java:29] Stop test teamCreationTestFromHeader
2020-01-25 17:44:28,023 INFO [Test worker] c.t.t.t.TestBase [TestBase.java:23] Start test teamCreationTestFromHeaderWithDP with parameters [TeamData{teamName='mpeayp27jjrbi_67f7cle', teamDescr='mpeayp27jjrbi67f7cle'}]
2020-01-25 17:44:43,829 INFO [Test worker] c.t.t.t.TestBase [TestBase.java:29] Stop test teamCreationTestFromHeaderWithDP
2020-01-25 17:44:43,831 INFO [Test worker] c.t.t.t.TestBase [TestBase.java:23] Start test teamCreationTestFromHeaderWithDP with parameters [TeamData{teamName='2', teamDescr=' 1X1ixsfAEUIMRbwJUz2YheUcRABfcN0lISgTJpWSOkRSJmnWapsFehbWx2eSEkqdhKaArwd5uU9lO3tlJjvEphWLQ499kd0q1ANB'}]
2020-01-25 17:45:01,769 INFO [Test worker] c.t.t.t.TestBase [TestBase.java:29] Stop test teamCreationTestFromHeaderWithDP
2020-01-25 17:45:01,771 INFO [Test worker] c.t.t.t.TestBase [TestBase.java:23] Start test teamCreationTestFromHeaderWithDP with parameters [TeamData{teamName='&%"', teamDescr='nz9LIpvznDSonBWs4kFy7gMUKoBD1PFL3R3zBAYZfqYWvf0e6V9OVjzE3gsJOakSmANhq2YpUidgChoKBDgKCe7iVPyehkzgPf6O'}]
2020-01-25 17:45:04,211 INFO [Test worker] c.t.t.t.TestBase [TestBase.java:29] Stop test teamCreationTestFromHeaderWithDP
2020-01-25 17:50:59,497 INFO [Test worker] c.t.t.t.TestBase [TestBase.java:23] Start test teamCreationTestFromHeader with parameters []
2020-01-25 17:52:05,046 INFO [Test worker] c.t.t.t.TestBase [TestBase.java:29] Stop test teamCreationTestFromHeader
2020-01-25 17:52:05,063 INFO [Test worker] c.t.t.t.TestBase [TestBase.java:23] Start test teamCreationTestFromHeaderWithDP with parameters [TeamData{teamName='mpeayp27jjrbi_67f7cle', teamDescr='mpeayp27jjrbi67f7cle'}]
2020-01-25 17:52:20,783 INFO [Test worker] c.t.t.t.TestBase [TestBase.java:29] Stop test teamCreationTestFromHeaderWithDP
2020-01-25 17:52:20,785 INFO [Test worker] c.t.t.t.TestBase [TestBase.java:23] Start test teamCreationTestFromHeaderWithDP with parameters [TeamData{teamName='2', teamDescr=' 1X1ixsfAEUIMRbwJUz2YheUcRABfcN0lISgTJpWSOkRSJmnWapsFehbWx2eSEkqdhKaArwd5uU9lO3tlJjvEphWLQ499kd0q1ANB'}]
2020-01-25 17:52:38,800 INFO [Test worker] c.t.t.t.TestBase [TestBase.java:29] Stop test teamCreationTestFromHeaderWithDP
2020-01-25 17:52:38,801 INFO [Test worker] c.t.t.t.TestBase [TestBase.java:23] Start test teamCreationTestFromHeaderWithDP with parameters [TeamData{teamName='&%"', teamDescr='nz9LIpvznDSonBWs4kFy7gMUKoBD1PFL3R3zBAYZfqYWvf0e6V9OVjzE3gsJOakSmANhq2YpUidgChoKBDgKCe7iVPyehkzgPf6O'}]
2020-01-25 17:52:41,271 INFO [Test worker] c.t.t.t.TestBase [TestBase.java:29] Stop test teamCreationTestFromHeaderWithDP
2020-01-25 17:54:49,004 INFO [Test worker] c.t.t.t.TestBase [TestBase.java:23] Start test teamCreationTestFromHeader with parameters []
2020-01-25 17:55:39,527 INFO [Test worker] c.t.t.t.TestBase [TestBase.java:29] Stop test teamCreationTestFromHeader
2020-01-25 17:55:39,542 INFO [Test worker] c.t.t.t.TestBase [TestBase.java:23] Start test teamCreationTestFromHeaderWithDP with parameters [TeamData{teamName='mpeayp27jjrbi_67f7cle', teamDescr='mpeayp27jjrbi67f7cle'}]
2020-01-25 17:55:39,683 INFO [Test worker] c.t.t.t.TestBase [TestBase.java:29] Stop test teamCreationTestFromHeaderWithDP
2020-01-25 17:55:39,685 INFO [Test worker] c.t.t.t.TestBase [TestBase.java:23] Start test teamCreationTestFromHeaderWithDP with parameters [TeamData{teamName='2', teamDescr=' 1X1ixsfAEUIMRbwJUz2YheUcRABfcN0lISgTJpWSOkRSJmnWapsFehbWx2eSEkqdhKaArwd5uU9lO3tlJjvEphWLQ499kd0q1ANB'}]
2020-01-25 17:55:39,876 INFO [Test worker] c.t.t.t.TestBase [TestBase.java:29] Stop test teamCreationTestFromHeaderWithDP
2020-01-25 17:55:39,878 INFO [Test worker] c.t.t.t.TestBase [TestBase.java:23] Start test teamCreationTestFromHeaderWithDP with parameters [TeamData{teamName='&%"', teamDescr='nz9LIpvznDSonBWs4kFy7gMUKoBD1PFL3R3zBAYZfqYWvf0e6V9OVjzE3gsJOakSmANhq2YpUidgChoKBDgKCe7iVPyehkzgPf6O'}]
2020-01-25 17:55:40,034 INFO [Test worker] c.t.t.t.TestBase [TestBase.java:29] Stop test teamCreationTestFromHeaderWithDP
2020-01-25 17:56:33,379 INFO [Test worker] c.t.t.t.TestBase [TestBase.java:23] Start test teamCreationTestFromHeaderWithDP with parameters [TeamData{teamName='mpeayp27jjrbi_67f7cle', teamDescr='mpeayp27jjrbi67f7cle'}]
2020-01-25 17:57:25,911 INFO [Test worker] c.t.t.t.TestBase [TestBase.java:29] Stop test teamCreationTestFromHeaderWithDP
2020-01-25 17:57:25,963 INFO [Test worker] c.t.t.t.TestBase [TestBase.java:23] Start test teamCreationTestFromHeaderWithDP with parameters [TeamData{teamName='2', teamDescr=' 1X1ixsfAEUIMRbwJUz2YheUcRABfcN0lISgTJpWSOkRSJmnWapsFehbWx2eSEkqdhKaArwd5uU9lO3tlJjvEphWLQ499kd0q1ANB'}]
2020-01-25 17:57:30,472 INFO [Test worker] c.t.t.t.TestBase [TestBase.java:29] Stop test teamCreationTestFromHeaderWithDP
2020-01-25 17:57:30,474 INFO [Test worker] c.t.t.t.TestBase [TestBase.java:23] Start test teamCreationTestFromHeaderWithDP with parameters [TeamData{teamName='&%"', teamDescr='nz9LIpvznDSonBWs4kFy7gMUKoBD1PFL3R3zBAYZfqYWvf0e6V9OVjzE3gsJOakSmANhq2YpUidgChoKBDgKCe7iVPyehkzgPf6O'}]
2020-01-25 17:57:34,663 INFO [Test worker] c.t.t.t.TestBase [TestBase.java:29] Stop test teamCreationTestFromHeaderWithDP
2020-01-25 17:58:30,921 INFO [Test worker] c.t.t.t.TestBase [TestBase.java:23] Start test teamCreationTestFromHeader with parameters []
2020-01-25 17:59:21,752 INFO [Test worker] c.t.t.t.TestBase [TestBase.java:29] Stop test teamCreationTestFromHeader
2020-01-25 17:59:49,233 INFO [Test worker] c.t.t.t.TestBase [TestBase.java:23] Start test teamCreationTestFromHeaderWithDP with parameters [TeamData{teamName='mpeayp27jjrbi_67f7cle', teamDescr='mpeayp27jjrbi67f7cle'}]
2020-01-25 18:00:43,054 INFO [Test worker] c.t.t.t.TestBase [TestBase.java:29] Stop test teamCreationTestFromHeaderWithDP
2020-01-25 18:00:43,056 INFO [Test worker] c.t.t.t.TestBase [TestBase.java:23] Start test teamCreationTestFromHeaderWithDP with parameters [TeamData{teamName='2', teamDescr=' 1X1ixsfAEUIMRbwJUz2YheUcRABfcN0lISgTJpWSOkRSJmnWapsFehbWx2eSEkqdhKaArwd5uU9lO3tlJjvEphWLQ499kd0q1ANB'}]
2020-01-25 18:00:47,838 INFO [Test worker] c.t.t.t.TestBase [TestBase.java:29] Stop test teamCreationTestFromHeaderWithDP
2020-01-25 18:00:47,840 INFO [Test worker] c.t.t.t.TestBase [TestBase.java:23] Start test teamCreationTestFromHeaderWithDP with parameters [TeamData{teamName='&%"', teamDescr='nz9LIpvznDSonBWs4kFy7gMUKoBD1PFL3R3zBAYZfqYWvf0e6V9OVjzE3gsJOakSmANhq2YpUidgChoKBDgKCe7iVPyehkzgPf6O'}]
2020-01-25 18:00:52,148 INFO [Test worker] c.t.t.t.TestBase [TestBase.java:29] Stop test teamCreationTestFromHeaderWithDP
2020-01-25 18:01:17,536 INFO [main] c.t.t.t.TestBase [TestBase.java:23] Start test logInTest with parameters []
2020-01-25 18:01:59,332 INFO [main] c.t.t.t.TestBase [TestBase.java:29] Stop test logInTest
2020-01-25 18:01:59,336 INFO [main] c.t.t.t.TestBase [TestBase.java:23] Start test testBoardCreationFromHeader with parameters []
2020-01-25 18:02:11,311 INFO [main] c.t.t.t.TestBase [TestBase.java:29] Stop test testBoardCreationFromHeader
2020-01-25 18:02:11,329 INFO [main] c.t.t.t.TestBase [TestBase.java:23] Start test testBoardCreationFromHeaderFromCSV with parameters [BoardData{boardName='1'}]
2020-01-25 18:02:22,866 INFO [main] c.t.t.t.TestBase [TestBase.java:29] Stop test testBoardCreationFromHeaderFromCSV
2020-01-25 18:02:22,868 INFO [main] c.t.t.t.TestBase [TestBase.java:23] Start test testBoardCreationFromHeaderFromCSV with parameters [BoardData{boardName='q'}]
2020-01-25 18:02:34,405 INFO [main] c.t.t.t.TestBase [TestBase.java:29] Stop test testBoardCreationFromHeaderFromCSV
2020-01-25 18:02:34,407 INFO [main] c.t.t.t.TestBase [TestBase.java:23] Start test testBoardCreationFromHeaderFromCSV with parameters [BoardData{boardName='New Board Name'}]
2020-01-25 18:02:46,343 INFO [main] c.t.t.t.TestBase [TestBase.java:29] Stop test testBoardCreationFromHeaderFromCSV
2020-01-25 18:02:46,345 INFO [main] c.t.t.t.TestBase [TestBase.java:23] Start test testBoardCreationFromHeaderFromCSV with parameters [BoardData{boardName='It is a long established fact that a reader will be distracted by the readable'}]
2020-01-25 18:02:58,785 INFO [main] c.t.t.t.TestBase [TestBase.java:29] Stop test testBoardCreationFromHeaderFromCSV
2020-01-25 18:03:34,658 INFO [main] c.t.t.t.TestBase [TestBase.java:23] Start test testFirstBoardDeletion with parameters []
2020-01-25 18:03:41,402 INFO [main] c.t.t.t.TestBase [TestBase.java:29] Stop test testFirstBoardDeletion
2020-01-25 18:03:41,403 INFO [main] c.t.t.t.TestBase [TestBase.java:23] Start test teamCreationTestFromHeader with parameters []
2020-01-25 18:04:13,557 INFO [main] c.t.t.t.TestBase [TestBase.java:29] Stop test teamCreationTestFromHeader
2020-01-25 18:04:13,560 INFO [main] c.t.t.t.TestBase [TestBase.java:23] Start test teamCreationTestFromHeaderWithDP with parameters [TeamData{teamName='mpeayp27jjrbi_67f7cle', teamDescr='mpeayp27jjrbi67f7cle'}]
2020-01-25 18:04:34,735 INFO [main] c.t.t.t.TestBase [TestBase.java:29] Stop test teamCreationTestFromHeaderWithDP
2020-01-25 18:04:34,737 INFO [main] c.t.t.t.TestBase [TestBase.java:23] Start test teamCreationTestFromHeaderWithDP with parameters [TeamData{teamName='2', teamDescr=' 1X1ixsfAEUIMRbwJUz2YheUcRABfcN0lISgTJpWSOkRSJmnWapsFehbWx2eSEkqdhKaArwd5uU9lO3tlJjvEphWLQ499kd0q1ANB'}]
2020-01-25 18:04:39,556 INFO [main] c.t.t.t.TestBase [TestBase.java:29] Stop test teamCreationTestFromHeaderWithDP
2020-01-25 18:04:39,559 INFO [main] c.t.t.t.TestBase [TestBase.java:23] Start test teamCreationTestFromHeaderWithDP with parameters [TeamData{teamName='&%"', teamDescr='nz9LIpvznDSonBWs4kFy7gMUKoBD1PFL3R3zBAYZfqYWvf0e6V9OVjzE3gsJOakSmANhq2YpUidgChoKBDgKCe7iVPyehkzgPf6O'}]
2020-01-25 18:04:44,498 INFO [main] c.t.t.t.TestBase [TestBase.java:29] Stop test teamCreationTestFromHeaderWithDP
2020-01-25 18:10:11,537 INFO [main] c.t.t.t.TestBase [TestBase.java:23] Start test logInTest with parameters []
2020-01-25 18:10:50,125 INFO [main] c.t.t.t.TestBase [TestBase.java:29] Stop test logInTest
2020-01-25 18:10:50,133 INFO [main] c.t.t.t.TestBase [TestBase.java:23] Start test testBoardCreationFromHeader with parameters []
2020-01-25 18:11:01,797 INFO [main] c.t.t.t.TestBase [TestBase.java:29] Stop test testBoardCreationFromHeader
2020-01-25 18:11:01,808 INFO [main] c.t.t.t.TestBase [TestBase.java:23] Start test testBoardCreationFromHeaderFromCSV with parameters [BoardData{boardName='1'}]
2020-01-25 18:11:13,001 INFO [main] c.t.t.t.TestBase [TestBase.java:29] Stop test testBoardCreationFromHeaderFromCSV
2020-01-25 18:11:13,003 INFO [main] c.t.t.t.TestBase [TestBase.java:23] Start test testBoardCreationFromHeaderFromCSV with parameters [BoardData{boardName='q'}]
2020-01-25 18:11:24,231 INFO [main] c.t.t.t.TestBase [TestBase.java:29] Stop test testBoardCreationFromHeaderFromCSV
2020-01-25 18:11:24,233 INFO [main] c.t.t.t.TestBase [TestBase.java:23] Start test testBoardCreationFromHeaderFromCSV with parameters [BoardData{boardName='New Board Name'}]
2020-01-25 18:11:35,792 INFO [main] c.t.t.t.TestBase [TestBase.java:29] Stop test testBoardCreationFromHeaderFromCSV
2020-01-25 18:11:35,794 INFO [main] c.t.t.t.TestBase [TestBase.java:23] Start test testBoardCreationFromHeaderFromCSV with parameters [BoardData{boardName='It is a long established fact that a reader will be distracted by the readable'}]
2020-01-25 18:11:47,614 INFO [main] c.t.t.t.TestBase [TestBase.java:29] Stop test testBoardCreationFromHeaderFromCSV
2020-01-25 18:12:03,006 INFO [main] c.t.t.t.TestBase [TestBase.java:23] Start test testFirstBoardDeletion with parameters []
2020-01-25 18:12:10,141 INFO [main] c.t.t.t.TestBase [TestBase.java:29] Stop test testFirstBoardDeletion
2020-01-25 18:12:10,144 INFO [main] c.t.t.t.TestBase [TestBase.java:23] Start test teamCreationTestFromHeader with parameters []
2020-01-25 18:12:41,943 INFO [main] c.t.t.t.TestBase [TestBase.java:29] Stop test teamCreationTestFromHeader
2020-01-25 18:12:41,946 INFO [main] c.t.t.t.TestBase [TestBase.java:23] Start test teamCreationTestFromHeaderWithDP with parameters [TeamData{teamName='mpeayp27jjrbi_67f7cle', teamDescr='mpeayp27jjrbi67f7cle'}]
2020-01-25 18:13:00,860 INFO [main] c.t.t.t.TestBase [TestBase.java:29] Stop test teamCreationTestFromHeaderWithDP
2020-01-25 18:13:00,861 INFO [main] c.t.t.t.TestBase [TestBase.java:23] Start test teamCreationTestFromHeaderWithDP with parameters [TeamData{teamName='2', teamDescr=' 1X1ixsfAEUIMRbwJUz2YheUcRABfcN0lISgTJpWSOkRSJmnWapsFehbWx2eSEkqdhKaArwd5uU9lO3tlJjvEphWLQ499kd0q1ANB'}]
2020-01-25 18:13:05,187 INFO [main] c.t.t.t.TestBase [TestBase.java:29] Stop test teamCreationTestFromHeaderWithDP
2020-01-25 18:13:05,187 INFO [main] c.t.t.t.TestBase [TestBase.java:23] Start test teamCreationTestFromHeaderWithDP with parameters [TeamData{teamName='&%"', teamDescr='nz9LIpvznDSonBWs4kFy7gMUKoBD1PFL3R3zBAYZfqYWvf0e6V9OVjzE3gsJOakSmANhq2YpUidgChoKBDgKCe7iVPyehkzgPf6O'}]
2020-01-25 18:13:09,147 INFO [main] c.t.t.t.TestBase [TestBase.java:29] Stop test teamCreationTestFromHeaderWithDP
2020-01-25 18:14:35,224 INFO [main] c.t.t.t.TestBase [TestBase.java:23] Start test logInTest with parameters []
2020-01-25 18:15:17,421 INFO [main] c.t.t.t.TestBase [TestBase.java:29] Stop test logInTest
2020-01-25 18:15:17,426 INFO [main] c.t.t.t.TestBase [TestBase.java:23] Start test testBoardCreationFromHeader with parameters []
2020-01-25 18:15:29,117 INFO [main] c.t.t.t.TestBase [TestBase.java:29] Stop test testBoardCreationFromHeader
2020-01-25 18:15:29,130 INFO [main] c.t.t.t.TestBase [TestBase.java:23] Start test testBoardCreationFromHeaderFromCSV with parameters [BoardData{boardName='1'}]
2020-01-25 18:15:40,346 INFO [main] c.t.t.t.TestBase [TestBase.java:29] Stop test testBoardCreationFromHeaderFromCSV
2020-01-25 18:15:40,348 INFO [main] c.t.t.t.TestBase [TestBase.java:23] Start test testBoardCreationFromHeaderFromCSV with parameters [BoardData{boardName='q'}]
2020-01-25 18:15:51,660 INFO [main] c.t.t.t.TestBase [TestBase.java:29] Stop test testBoardCreationFromHeaderFromCSV
2020-01-25 18:15:51,662 INFO [main] c.t.t.t.TestBase [TestBase.java:23] Start test testBoardCreationFromHeaderFromCSV with parameters [BoardData{boardName='New Board Name'}]
2020-01-25 18:16:03,142 INFO [main] c.t.t.t.TestBase [TestBase.java:29] Stop test testBoardCreationFromHeaderFromCSV
2020-01-25 18:16:03,144 INFO [main] c.t.t.t.TestBase [TestBase.java:23] Start test testBoardCreationFromHeaderFromCSV with parameters [BoardData{boardName='It is a long established fact that a reader will be distracted by the readable'}]
2020-01-25 18:16:15,179 INFO [main] c.t.t.t.TestBase [TestBase.java:29] Stop test testBoardCreationFromHeaderFromCSV
2020-01-25 18:16:37,214 INFO [main] c.t.t.t.TestBase [TestBase.java:23] Start test testFirstBoardDeletion with parameters []
2020-01-25 18:16:43,062 INFO [main] c.t.t.t.TestBase [TestBase.java:29] Stop test testFirstBoardDeletion
2020-01-25 18:16:43,063 INFO [main] c.t.t.t.TestBase [TestBase.java:23] Start test teamCreationTestFromHeader with parameters []
2020-01-25 18:17:36,531 INFO [Test worker] c.t.t.t.TestBase [TestBase.java:23] Start test testBoardCreationFromHeader with parameters []
2020-01-25 18:19:02,598 INFO [Test worker] c.t.t.t.TestBase [TestBase.java:23] Start test testBoardCreationFromHeaderFromCSV with parameters [BoardData{boardName='1'}]
2020-01-25 18:20:01,695 INFO [Test worker] c.t.t.t.TestBase [TestBase.java:29] Stop test testBoardCreationFromHeaderFromCSV
2020-01-25 18:20:01,697 INFO [Test worker] c.t.t.t.TestBase [TestBase.java:23] Start test testBoardCreationFromHeaderFromCSV with parameters [BoardData{boardName='q'}]
2020-01-25 18:20:13,250 INFO [Test worker] c.t.t.t.TestBase [TestBase.java:29] Stop test testBoardCreationFromHeaderFromCSV
2020-01-25 18:20:13,252 INFO [Test worker] c.t.t.t.TestBase [TestBase.java:23] Start test testBoardCreationFromHeaderFromCSV with parameters [BoardData{boardName='New Board Name'}]
2020-01-25 18:20:24,962 INFO [Test worker] c.t.t.t.TestBase [TestBase.java:29] Stop test testBoardCreationFromHeaderFromCSV
2020-01-25 18:20:24,964 INFO [Test worker] c.t.t.t.TestBase [TestBase.java:23] Start test testBoardCreationFromHeaderFromCSV with parameters [BoardData{boardName='It is a long established fact that a reader will be distracted by the readable'}]
2020-01-25 18:20:37,190 INFO [Test worker] c.t.t.t.TestBase [TestBase.java:29] Stop test testBoardCreationFromHeaderFromCSV
2020-01-25 18:26:21,016 INFO [main] c.t.t.t.TestBase [TestBase.java:23] Start test logInTest with parameters []
2020-01-25 18:27:01,455 INFO [main] c.t.t.t.TestBase [TestBase.java:29] Stop test logInTest
2020-01-25 18:27:01,460 INFO [main] c.t.t.t.TestBase [TestBase.java:23] Start test testBoardCreationFromHeader with parameters []
2020-01-25 18:27:13,083 INFO [main] c.t.t.t.TestBase [TestBase.java:29] Stop test testBoardCreationFromHeader
2020-01-25 18:27:13,093 INFO [main] c.t.t.t.TestBase [TestBase.java:23] Start test testBoardCreationFromHeaderFromCSV with parameters [BoardData{boardName='1'}]
2020-01-25 18:27:24,277 INFO [main] c.t.t.t.TestBase [TestBase.java:29] Stop test testBoardCreationFromHeaderFromCSV
2020-01-25 18:27:24,279 INFO [main] c.t.t.t.TestBase [TestBase.java:23] Start test testBoardCreationFromHeaderFromCSV with parameters [BoardData{boardName='q'}]
2020-01-25 18:27:36,236 INFO [main] c.t.t.t.TestBase [TestBase.java:29] Stop test testBoardCreationFromHeaderFromCSV
2020-01-25 18:27:36,237 INFO [main] c.t.t.t.TestBase [TestBase.java:23] Start test testBoardCreationFromHeaderFromCSV with parameters [BoardData{boardName='New Board Name'}]
2020-01-25 18:27:47,585 INFO [main] c.t.t.t.TestBase [TestBase.java:29] Stop test testBoardCreationFromHeaderFromCSV
2020-01-25 18:27:47,586 INFO [main] c.t.t.t.TestBase [TestBase.java:23] Start test testBoardCreationFromHeaderFromCSV with parameters [BoardData{boardName='It is a long established fact that a reader will be distracted by the readable'}]
2020-01-25 18:27:59,380 INFO [main] c.t.t.t.TestBase [TestBase.java:29] Stop test testBoardCreationFromHeaderFromCSV
2020-01-25 18:28:21,320 INFO [main] c.t.t.t.TestBase [TestBase.java:23] Start test testFirstBoardDeletion with parameters []
2020-01-25 18:28:27,199 INFO [main] c.t.t.t.TestBase [TestBase.java:29] Stop test testFirstBoardDeletion
2020-01-25 18:28:27,201 INFO [main] c.t.t.t.TestBase [TestBase.java:23] Start test teamCreationTestFromHeader with parameters []
2020-01-25 18:28:59,260 INFO [main] c.t.t.t.TestBase [TestBase.java:29] Stop test teamCreationTestFromHeader
2020-01-25 18:28:59,264 INFO [main] c.t.t.t.TestBase [TestBase.java:23] Start test teamCreationTestFromHeaderWithDP with parameters [TeamData{teamName='mpeayp27jjrbi_67f7cle', teamDescr='mpeayp27jjrbi67f7cle'}]
2020-01-25 18:29:18,334 INFO [main] c.t.t.t.TestBase [TestBase.java:29] Stop test teamCreationTestFromHeaderWithDP
2020-01-25 18:29:18,336 INFO [main] c.t.t.t.TestBase [TestBase.java:23] Start test teamCreationTestFromHeaderWithDP with parameters [TeamData{teamName='2', teamDescr=' 1X1ixsfAEUIMRbwJUz2YheUcRABfcN0lISgTJpWSOkRSJmnWapsFehbWx2eSEkqdhKaArwd5uU9lO3tlJjvEphWLQ499kd0q1ANB'}]
2020-01-25 18:29:22,492 INFO [main] c.t.t.t.TestBase [TestBase.java:29] Stop test teamCreationTestFromHeaderWithDP
2020-01-25 18:29:22,494 INFO [main] c.t.t.t.TestBase [TestBase.java:23] Start test teamCreationTestFromHeaderWithDP with parameters [TeamData{teamName='&%"', teamDescr='nz9LIpvznDSonBWs4kFy7gMUKoBD1PFL3R3zBAYZfqYWvf0e6V9OVjzE3gsJOakSmANhq2YpUidgChoKBDgKCe7iVPyehkzgPf6O'}]
2020-01-25 18:29:26,506 INFO [main] c.t.t.t.TestBase [TestBase.java:29] Stop test teamCreationTestFromHeaderWithDP
2020-01-25 18:31:32,338 INFO [Test worker] c.t.t.t.TestBase [TestBase.java:23] Start test testBoardCreationFromHeader with parameters []
2020-01-25 18:32:32,575 INFO [Test worker] c.t.t.t.TestBase [TestBase.java:29] Stop test testBoardCreationFromHeader
2020-01-25 18:32:32,585 INFO [Test worker] c.t.t.t.TestBase [TestBase.java:23] Start test testBoardCreationFromHeaderFromCSV with parameters [BoardData{boardName='1'}]
2020-01-25 18:32:44,039 INFO [Test worker] c.t.t.t.TestBase [TestBase.java:29] Stop test testBoardCreationFromHeaderFromCSV
2020-01-25 18:32:44,041 INFO [Test worker] c.t.t.t.TestBase [TestBase.java:23] Start test testBoardCreationFromHeaderFromCSV with parameters [BoardData{boardName='q'}]
2020-01-25 18:32:55,343 INFO [Test worker] c.t.t.t.TestBase [TestBase.java:29] Stop test testBoardCreationFromHeaderFromCSV
2020-01-25 18:32:55,345 INFO [Test worker] c.t.t.t.TestBase [TestBase.java:23] Start test testBoardCreationFromHeaderFromCSV with parameters [BoardData{boardName='New Board Name'}]
2020-01-25 18:33:06,830 INFO [Test worker] c.t.t.t.TestBase [TestBase.java:29] Stop test testBoardCreationFromHeaderFromCSV
2020-01-25 18:33:06,832 INFO [Test worker] c.t.t.t.TestBase [TestBase.java:23] Start test testBoardCreationFromHeaderFromCSV with parameters [BoardData{boardName='It is a long established fact that a reader will be distracted by the readable'}]
2020-01-25 18:33:18,940 INFO [Test worker] c.t.t.t.TestBase [TestBase.java:29] Stop test testBoardCreationFromHeaderFromCSV
2020-01-25 18:35:19,307 INFO [Test worker] c.t.t.t.TestBase [TestBase.java:23] Start test testFirstBoardDeletion with parameters []
2020-01-25 18:36:13,551 INFO [Test worker] c.t.t.t.TestBase [TestBase.java:29] Stop test testFirstBoardDeletion
2020-01-25 18:39:11,093 INFO [Test worker] c.t.t.t.TestBase [TestBase.java:23] Start test testBoardCreationFromHeader with parameters []
2020-01-25 18:40:11,980 INFO [Test worker] c.t.t.t.TestBase [TestBase.java:29] Stop test testBoardCreationFromHeader
2020-01-25 18:46:37,782 INFO [Test worker] c.t.t.t.TestBase [TestBase.java:23] Start test testBoardCreationFromHeader with parameters []
2020-01-25 18:47:38,338 INFO [Test worker] c.t.t.t.TestBase [TestBase.java:29] Stop test testBoardCreationFromHeader
2020-01-25 18:49:23,006 INFO [main] c.t.t.t.TestBase [TestBase.java:23] Start test logInTest with parameters []
2020-01-25 18:50:05,238 INFO [main] c.t.t.t.TestBase [TestBase.java:29] Stop test logInTest
2020-01-25 18:50:05,242 INFO [main] c.t.t.t.TestBase [TestBase.java:23] Start test testBoardCreationFromHeader with parameters []
2020-01-25 18:50:16,990 INFO [main] c.t.t.t.TestBase [TestBase.java:29] Stop test testBoardCreationFromHeader
2020-01-25 18:50:28,586 INFO [main] c.t.t.t.TestBase [TestBase.java:23] Start test testFirstBoardDeletion with parameters []
2020-01-25 18:50:34,940 INFO [main] c.t.t.t.TestBase [TestBase.java:29] Stop test testFirstBoardDeletion
2020-01-25 18:50:34,942 INFO [main] c.t.t.t.TestBase [TestBase.java:23] Start test teamCreationTestFromHeader with parameters []
2020-01-25 18:51:06,648 INFO [main] c.t.t.t.TestBase [TestBase.java:29] Stop test teamCreationTestFromHeader
2020-01-25 18:51:06,665 INFO [main] c.t.t.t.TestBase [TestBase.java:23] Start test teamCreationTestFromHeaderWithDP with parameters [TeamData{teamName='mpeayp27jjrbi_67f7cle', teamDescr='mpeayp27jjrbi67f7cle'}]
2020-01-25 18:51:26,073 INFO [main] c.t.t.t.TestBase [TestBase.java:29] Stop test teamCreationTestFromHeaderWithDP
2020-01-25 18:51:26,074 INFO [main] c.t.t.t.TestBase [TestBase.java:23] Start test teamCreationTestFromHeaderWithDP with parameters [TeamData{teamName='2', teamDescr=' 1X1ixsfAEUIMRbwJUz2YheUcRABfcN0lISgTJpWSOkRSJmnWapsFehbWx2eSEkqdhKaArwd5uU9lO3tlJjvEphWLQ499kd0q1ANB'}]
2020-01-25 18:51:30,284 INFO [main] c.t.t.t.TestBase [TestBase.java:29] Stop test teamCreationTestFromHeaderWithDP
2020-01-25 18:51:30,286 INFO [main] c.t.t.t.TestBase [TestBase.java:23] Start test teamCreationTestFromHeaderWithDP with parameters [TeamData{teamName='&%"', teamDescr='nz9LIpvznDSonBWs4kFy7gMUKoBD1PFL3R3zBAYZfqYWvf0e6V9OVjzE3gsJOakSmANhq2YpUidgChoKBDgKCe7iVPyehkzgPf6O'}]
2020-01-25 18:51:47,471 INFO [main] c.t.t.t.TestBase [TestBase.java:29] Stop test teamCreationTestFromHeaderWithDP
2020-01-25 21:25:50,653 INFO [Test worker] c.t.t.t.TestBase [TestBase.java:23] Start test teamCreationTestFromHeader with parameters []
2020-01-25 21:26:44,189 INFO [Test worker] c.t.t.t.TestBase [TestBase.java:29] Stop test teamCreationTestFromHeader
2020-01-25 21:28:12,305 INFO [main] c.t.t.t.TestBase [TestBase.java:23] Start test logInTest with parameters []
2020-01-25 21:28:54,507 INFO [main] c.t.t.t.TestBase [TestBase.java:29] Stop test logInTest
2020-01-25 21:28:54,513 INFO [main] c.t.t.t.TestBase [TestBase.java:23] Start test testBoardCreationFromHeader with parameters []
2020-01-25 21:29:07,132 INFO [main] c.t.t.t.TestBase [TestBase.java:29] Stop test testBoardCreationFromHeader
2020-01-25 21:29:07,156 INFO [main] c.t.t.t.TestBase [TestBase.java:23] Start test testFirstBoardDeletion with parameters []
2020-01-25 21:29:13,488 INFO [main] c.t.t.t.TestBase [TestBase.java:29] Stop test testFirstBoardDeletion
2020-01-25 21:29:13,490 INFO [main] c.t.t.t.TestBase [TestBase.java:23] Start test teamCreationTestFromHeader with parameters []
2020-01-25 21:29:51,988 INFO [main] c.t.t.t.TestBase [TestBase.java:29] Stop test teamCreationTestFromHeader
2020-01-25 21:29:52,008 INFO [main] c.t.t.t.TestBase [TestBase.java:23] Start test teamCreationTestFromHeaderWithDP with parameters [TeamData{teamName='mpeayp27jjrbi_67f7cle', teamDescr='mpeayp27jjrbi67f7cle'}]
2020-01-25 21:29:56,771 INFO [main] c.t.t.t.TestBase [TestBase.java:29] Stop test teamCreationTestFromHeaderWithDP
2020-01-25 21:29:56,773 INFO [main] c.t.t.t.TestBase [TestBase.java:23] Start test teamCreationTestFromHeaderWithDP with parameters [TeamData{teamName='2', teamDescr=' 1X1ixsfAEUIMRbwJUz2YheUcRABfcN0lISgTJpWSOkRSJmnWapsFehbWx2eSEkqdhKaArwd5uU9lO3tlJjvEphWLQ499kd0q1ANB'}]
2020-01-25 21:30:02,948 INFO [main] c.t.t.t.TestBase [TestBase.java:29] Stop test teamCreationTestFromHeaderWithDP
2020-01-25 21:30:02,950 INFO [main] c.t.t.t.TestBase [TestBase.java:23] Start test teamCreationTestFromHeaderWithDP with parameters [TeamData{teamName='&%"', teamDescr='nz9LIpvznDSonBWs4kFy7gMUKoBD1PFL3R3zBAYZfqYWvf0e6V9OVjzE3gsJOakSmANhq2YpUidgChoKBDgKCe7iVPyehkzgPf6O'}]
2020-01-25 21:30:08,058 INFO [main] c.t.t.t.TestBase [TestBase.java:29] Stop test teamCreationTestFromHeaderWithDP
2020-01-25 21:30:57,837 INFO [main] c.t.t.t.TestBase [TestBase.java:23] Start test logInTest with parameters []
2020-01-25 21:31:39,879 INFO [main] c.t.t.t.TestBase [TestBase.java:29] Stop test logInTest
2020-01-25 21:31:39,885 INFO [main] c.t.t.t.TestBase [TestBase.java:23] Start test testBoardCreationFromHeader with parameters []
2020-01-25 21:31:52,631 INFO [main] c.t.t.t.TestBase [TestBase.java:29] Stop test testBoardCreationFromHeader
2020-01-25 21:31:52,666 INFO [main] c.t.t.t.TestBase [TestBase.java:23] Start test testFirstBoardDeletion with parameters []
2020-01-25 21:31:59,154 INFO [main] c.t.t.t.TestBase [TestBase.java:29] Stop test testFirstBoardDeletion
2020-01-25 21:31:59,157 INFO [main] c.t.t.t.TestBase [TestBase.java:23] Start test teamCreationTestFromHeader with parameters []
2020-01-25 21:32:17,753 INFO [main] c.t.t.t.TestBase [TestBase.java:29] Stop test teamCreationTestFromHeader
2020-01-25 21:32:17,764 INFO [main] c.t.t.t.TestBase [TestBase.java:23] Start test teamCreationTestFromHeaderWithDP with parameters [TeamData{teamName='mpeayp27jjrbi_67f7cle', teamDescr='mpeayp27jjrbi67f7cle'}]
2020-01-25 21:32:22,229 INFO [main] c.t.t.t.TestBase [TestBase.java:29] Stop test teamCreationTestFromHeaderWithDP
2020-01-25 21:32:22,232 INFO [main] c.t.t.t.TestBase [TestBase.java:23] Start test teamCreationTestFromHeaderWithDP with parameters [TeamData{teamName='2', teamDescr=' 1X1ixsfAEUIMRbwJUz2YheUcRABfcN0lISgTJpWSOkRSJmnWapsFehbWx2eSEkqdhKaArwd5uU9lO3tlJjvEphWLQ499kd0q1ANB'}]
2020-01-25 21:32:58,255 INFO [main] c.t.t.t.TestBase [TestBase.java:29] Stop test teamCreationTestFromHeaderWithDP
2020-01-25 21:32:58,258 INFO [main] c.t.t.t.TestBase [TestBase.java:23] Start test teamCreationTestFromHeaderWithDP with parameters [TeamData{teamName='&%"', teamDescr='nz9LIpvznDSonBWs4kFy7gMUKoBD1PFL3R3zBAYZfqYWvf0e6V9OVjzE3gsJOakSmANhq2YpUidgChoKBDgKCe7iVPyehkzgPf6O'}]
2020-01-25 21:33:37,984 INFO [main] c.t.t.t.TestBase [TestBase.java:29] Stop test teamCreationTestFromHeaderWithDP
2020-01-25 21:34:06,079 INFO [Test worker] c.t.t.t.TestBase [TestBase.java:23] Start test teamCreationTestFromHeader with parameters []
2020-01-25 21:36:07,884 INFO [Test worker] c.t.t.t.TestBase [TestBase.java:29] Stop test teamCreationTestFromHeader
2020-01-25 21:40:15,767 INFO [main] c.t.t.t.TestBase [TestBase.java:23] Start test logInTest with parameters []
2020-01-25 21:40:58,090 INFO [main] c.t.t.t.TestBase [TestBase.java:29] Stop test logInTest
2020-01-25 21:40:58,096 INFO [main] c.t.t.t.TestBase [TestBase.java:23] Start test testBoardCreationFromHeader with parameters []
2020-01-25 21:41:10,233 INFO [main] c.t.t.t.TestBase [TestBase.java:29] Stop test testBoardCreationFromHeader
2020-01-25 21:41:21,516 INFO [main] c.t.t.t.TestBase [TestBase.java:23] Start test testFirstBoardDeletion with parameters []
2020-01-25 21:41:27,769 INFO [main] c.t.t.t.TestBase [TestBase.java:29] Stop test testFirstBoardDeletion
2020-01-25 21:41:27,771 INFO [main] c.t.t.t.TestBase [TestBase.java:23] Start test teamCreationTestFromHeader with parameters []
2020-01-25 21:41:45,418 INFO [main] c.t.t.t.TestBase [TestBase.java:29] Stop test teamCreationTestFromHeader
2020-01-25 21:41:45,432 INFO [main] c.t.t.t.TestBase [TestBase.java:23] Start test teamCreationTestFromHeaderWithDP with parameters [TeamData{teamName='mpeayp27jjrbi_67f7cle', teamDescr='mpeayp27jjrbi67f7cle'}]
2020-01-25 21:41:49,428 INFO [main] c.t.t.t.TestBase [TestBase.java:29] Stop test teamCreationTestFromHeaderWithDP
2020-01-25 21:41:49,430 INFO [main] c.t.t.t.TestBase [TestBase.java:23] Start test teamCreationTestFromHeaderWithDP with parameters [TeamData{teamName='2', teamDescr=' 1X1ixsfAEUIMRbwJUz2YheUcRABfcN0lISgTJpWSOkRSJmnWapsFehbWx2eSEkqdhKaArwd5uU9lO3tlJjvEphWLQ499kd0q1ANB'}]
2020-01-25 21:42:06,682 INFO [main] c.t.t.t.TestBase [TestBase.java:29] Stop test teamCreationTestFromHeaderWithDP
2020-01-25 21:42:06,684 INFO [main] c.t.t.t.TestBase [TestBase.java:23] Start test teamCreationTestFromHeaderWithDP with parameters [TeamData{teamName='&%"', teamDescr='nz9LIpvznDSonBWs4kFy7gMUKoBD1PFL3R3zBAYZfqYWvf0e6V9OVjzE3gsJOakSmANhq2YpUidgChoKBDgKCe7iVPyehkzgPf6O'}]
2020-01-25 21:42:11,659 INFO [main] c.t.t.t.TestBase [TestBase.java:29] Stop test teamCreationTestFromHeaderWithDP
2020-01-25 21:54:05,182 INFO [Test worker] c.t.t.t.TestBase [TestBase.java:23] Start test teamCreationTestFromHeader with parameters []
2020-01-25 21:57:21,098 INFO [Test worker] c.t.t.t.TestBase [TestBase.java:29] Stop test teamCreationTestFromHeader
2020-01-25 21:57:21,127 INFO [Test worker] c.t.t.t.TestBase [TestBase.java:23] Start test teamCreationTestFromHeaderWithDP with parameters [TeamData{teamName='mpeayp27jjrbi_67f7cle', teamDescr='mpeayp27jjrbi67f7cle'}]
2020-01-25 21:57:26,151 INFO [Test worker] c.t.t.t.TestBase [TestBase.java:29] Stop test teamCreationTestFromHeaderWithDP
2020-01-25 21:57:26,155 INFO [Test worker] c.t.t.t.TestBase [TestBase.java:23] Start test teamCreationTestFromHeaderWithDP with parameters [TeamData{teamName='2', teamDescr=' 1X1ixsfAEUIMRbwJUz2YheUcRABfcN0lISgTJpWSOkRSJmnWapsFehbWx2eSEkqdhKaArwd5uU9lO3tlJjvEphWLQ499kd0q1ANB'}]
2020-01-25 21:57:32,277 INFO [Test worker] c.t.t.t.TestBase [TestBase.java:29] Stop test teamCreationTestFromHeaderWithDP
2020-01-25 21:57:32,279 INFO [Test worker] c.t.t.t.TestBase [TestBase.java:23] Start test teamCreationTestFromHeaderWithDP with parameters [TeamData{teamName='&%"', teamDescr='nz9LIpvznDSonBWs4kFy7gMUKoBD1PFL3R3zBAYZfqYWvf0e6V9OVjzE3gsJOakSmANhq2YpUidgChoKBDgKCe7iVPyehkzgPf6O'}]
2020-01-25 21:58:07,466 INFO [Test worker] c.t.t.t.TestBase [TestBase.java:23] Start test teamCreationTestFromHeader with parameters []
2020-01-25 21:59:07,307 INFO [Test worker] c.t.t.t.TestBase [TestBase.java:29] Stop test teamCreationTestFromHeader
2020-01-25 21:59:07,323 INFO [Test worker] c.t.t.t.TestBase [TestBase.java:23] Start test teamCreationTestFromHeaderWithDP with parameters [TeamData{teamName='mpeayp27jjrbi_67f7cle', teamDescr='mpeayp27jjrbi67f7cle'}]
2020-01-25 21:59:25,308 INFO [Test worker] c.t.t.t.TestBase [TestBase.java:29] Stop test teamCreationTestFromHeaderWithDP
2020-01-25 21:59:25,309 INFO [Test worker] c.t.t.t.TestBase [TestBase.java:23] Start test teamCreationTestFromHeaderWithDP with parameters [TeamData{teamName='2', teamDescr=' 1X1ixsfAEUIMRbwJUz2YheUcRABfcN0lISgTJpWSOkRSJmnWapsFehbWx2eSEkqdhKaArwd5uU9lO3tlJjvEphWLQ499kd0q1ANB'}]
2020-01-25 21:59:30,048 INFO [Test worker] c.t.t.t.TestBase [TestBase.java:29] Stop test teamCreationTestFromHeaderWithDP
2020-01-25 21:59:30,049 INFO [Test worker] c.t.t.t.TestBase [TestBase.java:23] Start test teamCreationTestFromHeaderWithDP with parameters [TeamData{teamName='&%"', teamDescr='nz9LIpvznDSonBWs4kFy7gMUKoBD1PFL3R3zBAYZfqYWvf0e6V9OVjzE3gsJOakSmANhq2YpUidgChoKBDgKCe7iVPyehkzgPf6O'}]
2020-01-25 21:59:34,467 INFO [Test worker] c.t.t.t.TestBase [TestBase.java:29] Stop test teamCreationTestFromHeaderWithDP
2020-01-25 22:18:12,631 INFO [main] c.t.t.t.TestBase [TestBase.java:23] Start test logInTest with parameters []
2020-01-25 22:18:55,367 INFO [main] c.t.t.t.TestBase [TestBase.java:29] Stop test logInTest
2020-01-25 22:18:55,373 INFO [main] c.t.t.t.TestBase [TestBase.java:23] Start test testBoardCreationFromHeader with parameters []
2020-01-25 22:19:07,231 INFO [main] c.t.t.t.TestBase [TestBase.java:29] Stop test testBoardCreationFromHeader
2020-01-25 22:19:07,260 INFO [main] c.t.t.t.TestBase [TestBase.java:23] Start test testFirstBoardDeletion with parameters []
2020-01-25 22:19:13,677 INFO [main] c.t.t.t.TestBase [TestBase.java:29] Stop test testFirstBoardDeletion
2020-01-25 22:19:13,680 INFO [main] c.t.t.t.TestBase [TestBase.java:23] Start test teamCreationTestFromHeader with parameters []
2020-01-25 22:19:30,990 INFO [main] c.t.t.t.TestBase [TestBase.java:29] Stop test teamCreationTestFromHeader
2020-01-25 22:19:31,000 INFO [main] c.t.t.t.TestBase [TestBase.java:23] Start test teamCreationTestFromHeaderWithDP with parameters [TeamData{teamName='mpeayp27jjrbi_67f7cle', teamDescr='mpeayp27jjrbi67f7cle'}]
2020-01-25 22:19:35,237 INFO [main] c.t.t.t.TestBase [TestBase.java:29] Stop test teamCreationTestFromHeaderWithDP
2020-01-25 22:19:35,239 INFO [main] c.t.t.t.TestBase [TestBase.java:23] Start test teamCreationTestFromHeaderWithDP with parameters [TeamData{teamName='2', teamDescr=' 1X1ixsfAEUIMRbwJUz2YheUcRABfcN0lISgTJpWSOkRSJmnWapsFehbWx2eSEkqdhKaArwd5uU9lO3tlJjvEphWLQ499kd0q1ANB'}]
2020-01-25 22:19:40,537 INFO [main] c.t.t.t.TestBase [TestBase.java:29] Stop test teamCreationTestFromHeaderWithDP
2020-01-25 22:19:40,539 INFO [main] c.t.t.t.TestBase [TestBase.java:23] Start test teamCreationTestFromHeaderWithDP with parameters [TeamData{teamName='&%"', teamDescr='nz9LIpvznDSonBWs4kFy7gMUKoBD1PFL3R3zBAYZfqYWvf0e6V9OVjzE3gsJOakSmANhq2YpUidgChoKBDgKCe7iVPyehkzgPf6O'}]
2020-01-25 22:19:44,810 INFO [main] c.t.t.t.TestBase [TestBase.java:29] Stop test teamCreationTestFromHeaderWithDP
2020-01-26 18:11:37,562 INFO [main] c.t.t.t.TestBase [TestBase.java:23] Start test logInTest with parameters []
2020-01-26 18:12:24,388 INFO [main] c.t.t.t.TestBase [TestBase.java:29] Stop test logInTest
2020-01-26 18:12:24,388 INFO [main] c.t.t.t.TestBase [TestBase.java:23] Start test testBoardCreationFromHeader with parameters []
2020-01-26 18:12:36,357 INFO [main] c.t.t.t.TestBase [TestBase.java:29] Stop test testBoardCreationFromHeader
2020-01-26 18:12:36,386 INFO [main] c.t.t.t.TestBase [TestBase.java:23] Start test testFirstBoardDeletion with parameters []
2020-01-26 18:12:42,509 INFO [main] c.t.t.t.TestBase [TestBase.java:29] Stop test testFirstBoardDeletion
2020-01-26 18:12:42,511 INFO [main] c.t.t.t.TestBase [TestBase.java:23] Start test teamCreationTestFromHeader with parameters []
2020-01-26 18:13:05,076 INFO [main] c.t.t.t.TestBase [TestBase.java:29] Stop test teamCreationTestFromHeader
2020-01-26 18:13:05,100 INFO [main] c.t.t.t.TestBase [TestBase.java:23] Start test teamCreationTestFromHeaderWithDP with parameters [TeamData{teamName='mpeayp27jjrbi_67f7cle', teamDescr='mpeayp27jjrbi67f7cle'}]
2020-01-26 18:13:10,576 INFO [main] c.t.t.t.TestBase [TestBase.java:29] Stop test teamCreationTestFromHeaderWithDP
2020-01-26 18:13:10,578 INFO [main] c.t.t.t.TestBase [TestBase.java:23] Start test teamCreationTestFromHeaderWithDP with parameters [TeamData{teamName='2', teamDescr=' 1X1ixsfAEUIMRbwJUz2YheUcRABfcN0lISgTJpWSOkRSJmnWapsFehbWx2eSEkqdhKaArwd5uU9lO3tlJjvEphWLQ499kd0q1ANB'}]
2020-01-26 18:13:17,771 INFO [main] c.t.t.t.TestBase [TestBase.java:29] Stop test teamCreationTestFromHeaderWithDP
2020-01-26 18:13:17,773 INFO [main] c.t.t.t.TestBase [TestBase.java:23] Start test teamCreationTestFromHeaderWithDP with parameters [TeamData{teamName='&%"', teamDescr='nz9LIpvznDSonBWs4kFy7gMUKoBD1PFL3R3zBAYZfqYWvf0e6V9OVjzE3gsJOakSmANhq2YpUidgChoKBDgKCe7iVPyehkzgPf6O'}]
2020-01-26 18:13:35,218 INFO [main] c.t.t.t.TestBase [TestBase.java:29] Stop test teamCreationTestFromHeaderWithDP
2020-01-26 20:07:22,353 INFO [Test worker] c.t.t.t.TestBase [TestBase.java:23] Start test teamCreationTestFromHeader with parameters []
2020-01-26 20:08:11,201 INFO [Test worker] c.t.t.t.TestBase [TestBase.java:23] Start test teamCreationTestFromHeader with parameters []
2020-01-26 20:09:31,092 INFO [Test worker] c.t.t.t.TestBase [TestBase.java:23] Start test teamCreationTestFromHeader with parameters []
2020-01-26 20:10:22,800 INFO [Test worker] c.t.t.t.TestBase [TestBase.java:29] Stop test teamCreationTestFromHeader
2020-01-26 20:10:22,818 INFO [Test worker] c.t.t.t.TestBase [TestBase.java:23] Start test teamCreationTestFromHeaderWithDP with parameters [TeamData{teamName='mpeayp27jjrbi_67f7cle', teamDescr='mpeayp27jjrbi67f7cle'}]
2020-01-26 20:10:40,139 INFO [Test worker] c.t.t.t.TestBase [TestBase.java:29] Stop test teamCreationTestFromHeaderWithDP
2020-01-26 20:10:40,139 INFO [Test worker] c.t.t.t.TestBase [TestBase.java:23] Start test teamCreationTestFromHeaderWithDP with parameters [TeamData{teamName='2', teamDescr=' 1X1ixsfAEUIMRbwJUz2YheUcRABfcN0lISgTJpWSOkRSJmnWapsFehbWx2eSEkqdhKaArwd5uU9lO3tlJjvEphWLQ499kd0q1ANB'}]
2020-01-26 20:11:00,163 INFO [Test worker] c.t.t.t.TestBase [TestBase.java:29] Stop test teamCreationTestFromHeaderWithDP
2020-01-26 20:11:00,165 INFO [Test worker] c.t.t.t.TestBase [TestBase.java:23] Start test teamCreationTestFromHeaderWithDP with parameters [TeamData{teamName='&%"', teamDescr='nz9LIpvznDSonBWs4kFy7gMUKoBD1PFL3R3zBAYZfqYWvf0e6V9OVjzE3gsJOakSmANhq2YpUidgChoKBDgKCe7iVPyehkzgPf6O'}]
2020-01-26 20:11:04,377 INFO [Test worker] c.t.t.t.TestBase [TestBase.java:29] Stop test teamCreationTestFromHeaderWithDP
2020-01-26 20:15:17,316 INFO [Test worker] c.t.t.t.TestBase [TestBase.java:23] Start test teamCreationTestFromHeader with parameters []
2020-01-26 20:16:23,930 INFO [Test worker] c.t.t.t.TestBase [TestBase.java:29] Stop test teamCreationTestFromHeader
2020-01-26 20:16:23,943 INFO [Test worker] c.t.t.t.TestBase [TestBase.java:23] Start test teamCreationTestFromHeaderWithDP with parameters [TeamData{teamName='mpeayp27jjrbi_67f7cle', teamDescr='mpeayp27jjrbi67f7cle'}]
2020-01-26 20:16:27,804 INFO [Test worker] c.t.t.t.TestBase [TestBase.java:29] Stop test teamCreationTestFromHeaderWithDP
2020-01-26 20:16:27,806 INFO [Test worker] c.t.t.t.TestBase [TestBase.java:23] Start test teamCreationTestFromHeaderWithDP with parameters [TeamData{teamName='2', teamDescr=' 1X1ixsfAEUIMRbwJUz2YheUcRABfcN0lISgTJpWSOkRSJmnWapsFehbWx2eSEkqdhKaArwd5uU9lO3tlJjvEphWLQ499kd0q1ANB'}]
2020-01-26 20:16:32,089 INFO [Test worker] c.t.t.t.TestBase [TestBase.java:29] Stop test teamCreationTestFromHeaderWithDP
2020-01-26 20:16:32,092 INFO [Test worker] c.t.t.t.TestBase [TestBase.java:23] Start test teamCreationTestFromHeaderWithDP with parameters [TeamData{teamName='&%"', teamDescr='nz9LIpvznDSonBWs4kFy7gMUKoBD1PFL3R3zBAYZfqYWvf0e6V9OVjzE3gsJOakSmANhq2YpUidgChoKBDgKCe7iVPyehkzgPf6O'}]
2020-01-26 20:16:36,039 INFO [Test worker] c.t.t.t.TestBase [TestBase.java:29] Stop test teamCreationTestFromHeaderWithDP
2020-01-26 20:17:07,056 INFO [Test worker] c.t.t.t.TestBase [TestBase.java:23] Start test teamCreationTestFromHeader with parameters []
2020-01-26 20:17:57,975 INFO [Test worker] c.t.t.t.TestBase [TestBase.java:29] Stop test teamCreationTestFromHeader
2020-01-26 20:17:57,992 INFO [Test worker] c.t.t.t.TestBase [TestBase.java:23] Start test teamCreationTestFromHeaderWithDP with parameters [TeamData{teamName='mpeayp27jjrbi_67f7cle', teamDescr='mpeayp27jjrbi67f7cle'}]
2020-01-26 20:18:02,359 INFO [Test worker] c.t.t.t.TestBase [TestBase.java:29] Stop test teamCreationTestFromHeaderWithDP
2020-01-26 20:18:02,361 INFO [Test worker] c.t.t.t.TestBase [TestBase.java:23] Start test teamCreationTestFromHeaderWithDP with parameters [TeamData{teamName='2', teamDescr=' 1X1ixsfAEUIMRbwJUz2YheUcRABfcN0lISgTJpWSOkRSJmnWapsFehbWx2eSEkqdhKaArwd5uU9lO3tlJjvEphWLQ499kd0q1ANB'}]
2020-01-26 20:18:22,043 INFO [Test worker] c.t.t.t.TestBase [TestBase.java:29] Stop test teamCreationTestFromHeaderWithDP
2020-01-26 20:18:22,044 INFO [Test worker] c.t.t.t.TestBase [TestBase.java:23] Start test teamCreationTestFromHeaderWithDP with parameters [TeamData{teamName='&%"', teamDescr='nz9LIpvznDSonBWs4kFy7gMUKoBD1PFL3R3zBAYZfqYWvf0e6V9OVjzE3gsJOakSmANhq2YpUidgChoKBDgKCe7iVPyehkzgPf6O'}]
2020-01-26 20:18:26,346 INFO [Test worker] c.t.t.t.TestBase [TestBase.java:29] Stop test teamCreationTestFromHeaderWithDP
2020-01-26 20:21:10,490 INFO [Test worker] c.t.t.t.TestBase [TestBase.java:23] Start test teamCreationTestFromHeader with parameters []
2020-01-26 20:22:01,812 INFO [Test worker] c.t.t.t.TestBase [TestBase.java:29] Stop test teamCreationTestFromHeader
2020-01-26 20:22:01,827 INFO [Test worker] c.t.t.t.TestBase [TestBase.java:23] Start test teamCreationTestFromHeaderWithDP with parameters [TeamData{teamName='mpeayp27jjrbi_67f7cle', teamDescr='mpeayp27jjrbi67f7cle'}]
2020-01-26 20:22:06,624 INFO [Test worker] c.t.t.t.TestBase [TestBase.java:29] Stop test teamCreationTestFromHeaderWithDP
2020-01-26 20:22:06,625 INFO [Test worker] c.t.t.t.TestBase [TestBase.java:23] Start test teamCreationTestFromHeaderWithDP with parameters [TeamData{teamName='2', teamDescr=' 1X1ixsfAEUIMRbwJUz2YheUcRABfcN0lISgTJpWSOkRSJmnWapsFehbWx2eSEkqdhKaArwd5uU9lO3tlJjvEphWLQ499kd0q1ANB'}]
2020-01-26 20:22:11,869 INFO [Test worker] c.t.t.t.TestBase [TestBase.java:29] Stop test teamCreationTestFromHeaderWithDP
2020-01-26 20:22:11,871 INFO [Test worker] c.t.t.t.TestBase [TestBase.java:23] Start test teamCreationTestFromHeaderWithDP with parameters [TeamData{teamName='&%"', teamDescr='nz9LIpvznDSonBWs4kFy7gMUKoBD1PFL3R3zBAYZfqYWvf0e6V9OVjzE3gsJOakSmANhq2YpUidgChoKBDgKCe7iVPyehkzgPf6O'}]
2020-01-26 20:22:17,151 INFO [Test worker] c.t.t.t.TestBase [TestBase.java:29] Stop test teamCreationTestFromHeaderWithDP
2020-01-26 20:24:06,646 INFO [Test worker] c.t.t.t.TestBase [TestBase.java:23] Start test teamCreationTestFromHeader with parameters []
2020-01-26 20:24:58,255 INFO [Test worker] c.t.t.t.TestBase [TestBase.java:29] Stop test teamCreationTestFromHeader
2020-01-26 20:24:58,271 INFO [Test worker] c.t.t.t.TestBase [TestBase.java:23] Start test teamCreationTestFromHeaderWithDP with parameters [TeamData{teamName='mpeayp27jjrbi_67f7cle', teamDescr='mpeayp27jjrbi67f7cle'}]
2020-01-26 20:25:03,309 INFO [Test worker] c.t.t.t.TestBase [TestBase.java:29] Stop test teamCreationTestFromHeaderWithDP
2020-01-26 20:25:03,311 INFO [Test worker] c.t.t.t.TestBase [TestBase.java:23] Start test teamCreationTestFromHeaderWithDP with parameters [TeamData{teamName='2', teamDescr=' 1X1ixsfAEUIMRbwJUz2YheUcRABfcN0lISgTJpWSOkRSJmnWapsFehbWx2eSEkqdhKaArwd5uU9lO3tlJjvEphWLQ499kd0q1ANB'}]
2020-01-26 20:25:08,947 INFO [Test worker] c.t.t.t.TestBase [TestBase.java:29] Stop test teamCreationTestFromHeaderWithDP
2020-01-26 20:25:08,949 INFO [Test worker] c.t.t.t.TestBase [TestBase.java:23] Start test teamCreationTestFromHeaderWithDP with parameters [TeamData{teamName='&%"', teamDescr='nz9LIpvznDSonBWs4kFy7gMUKoBD1PFL3R3zBAYZfqYWvf0e6V9OVjzE3gsJOakSmANhq2YpUidgChoKBDgKCe7iVPyehkzgPf6O'}]
2020-01-26 20:25:14,420 INFO [Test worker] c.t.t.t.TestBase [TestBase.java:29] Stop test teamCreationTestFromHeaderWithDP
2020-01-28 19:05:37,305 INFO [main] c.t.t.t.TestBase [TestBase.java:21] Start test logInTest with parameters []
2020-01-28 19:06:16,990 INFO [main] c.t.t.u.Listener [Listener.java:12] logInTestPASSED
2020-01-28 19:06:16,991 INFO [main] c.t.t.t.TestBase [TestBase.java:27] Stop test logInTest
2020-01-28 19:06:16,996 INFO [main] c.t.t.t.TestBase [TestBase.java:21] Start test testBoardCreationFromHeader with parameters []
2020-01-28 19:06:28,575 INFO [main] c.t.t.u.Listener [Listener.java:12] testBoardCreationFromHeaderPASSED
2020-01-28 19:06:28,576 INFO [main] c.t.t.t.TestBase [TestBase.java:27] Stop test testBoardCreationFromHeader
2020-01-28 19:06:28,594 INFO [main] c.t.t.t.TestBase [TestBase.java:21] Start test testFirstBoardDeletion with parameters []
2020-01-28 19:06:34,708 INFO [main] c.t.t.u.Listener [Listener.java:12] testFirstBoardDeletionPASSED
2020-01-28 19:06:34,709 INFO [main] c.t.t.t.TestBase [TestBase.java:27] Stop test testFirstBoardDeletion
2020-01-28 19:06:34,711 INFO [main] c.t.t.t.TestBase [TestBase.java:21] Start test teamCreationTestFromHeader with parameters []
2020-01-28 19:07:06,089 ERROR [main] c.t.t.u.Listener [Listener.java:17] teamCreationTestFromHeader
FAILED
org.openqa.selenium.NoSuchElementException: no such element: Unable to locate element: {"method":"css selector","selector":"[data-test-id=show-later-button]"}
  (Session info: chrome=79.0.3945.130)
For documentation on this error, please visit: https://www.seleniumhq.org/exceptions/no_such_element.html
Build info: version: '3.141.59', revision: 'e82be7d358', time: '2018-11-14T08:17:03'
System info: host: 'LAPTOP-AS0A9L68', ip: '192.168.1.16', os.name: 'Windows 10', os.arch: 'amd64', os.version: '10.0', java.version: '1.8.0_212'
Driver info: org.openqa.selenium.chrome.ChromeDriver
Capabilities {acceptInsecureCerts: false, browserName: chrome, browserVersion: 79.0.3945.130, chrome: {chromedriverVersion: 79.0.3945.36 (3582db32b3389..., userDataDir: C:\Users\46AD~1\AppData\Loc...}, goog:chromeOptions: {debuggerAddress: localhost:53608}, javascriptEnabled: true, networkConnectionEnabled: false, pageLoadStrategy: normal, platform: WINDOWS, platformName: WINDOWS, proxy: Proxy(), setWindowRect: true, strictFileInteractability: false, timeouts: {implicit: 0, pageLoad: 300000, script: 30000}, unhandledPromptBehavior: dismiss and notify}
Session ID: afb167df20441ea7c03ad473bbd0d294
*** Element info: {Using=css selector, value=[data-test-id=show-later-button]}
2020-01-28 19:07:06,099 INFO [main] c.t.t.t.TestBase [TestBase.java:27] Stop test teamCreationTestFromHeader
2020-01-28 19:07:06,117 INFO [main] c.t.t.t.TestBase [TestBase.java:21] Start test teamCreationTestFromHeaderWithDP with parameters [TeamData{teamName='mpeayp27jjrbi_67f7cle', teamDescr='mpeayp27jjrbi67f7cle'}]
2020-01-28 19:07:07,248 ERROR [main] c.t.t.u.Listener [Listener.java:17] teamCreationTestFromHeaderWithDP
FAILED
org.openqa.selenium.ElementClickInterceptedException: element click intercepted: Element <span color="light" name="house" class="_2BQG4yPMt5s_hu _2hgn5meZL7bJdx _1ctYJ9-gOV_hrm _3Xj1tqB73NcWn3" role="presentation"></span> is not clickable at point (20, 20). Other element would receive the click: <div class="_3gUubwRZDWaOF0 _1URVGCiHsrWlwF _1M7BOT0FSOTl2E" role="dialog">...</div>
  (Session info: chrome=79.0.3945.130)
Build info: version: '3.141.59', revision: 'e82be7d358', time: '2018-11-14T08:17:03'
System info: host: 'LAPTOP-AS0A9L68', ip: '192.168.1.16', os.name: 'Windows 10', os.arch: 'amd64', os.version: '10.0', java.version: '1.8.0_212'
Driver info: org.openqa.selenium.chrome.ChromeDriver
Capabilities {acceptInsecureCerts: false, browserName: chrome, browserVersion: 79.0.3945.130, chrome: {chromedriverVersion: 79.0.3945.36 (3582db32b3389..., userDataDir: C:\Users\46AD~1\AppData\Loc...}, goog:chromeOptions: {debuggerAddress: localhost:53608}, javascriptEnabled: true, networkConnectionEnabled: false, pageLoadStrategy: normal, platform: WINDOWS, platformName: WINDOWS, proxy: Proxy(), setWindowRect: true, strictFileInteractability: false, timeouts: {implicit: 0, pageLoad: 300000, script: 30000}, unhandledPromptBehavior: dismiss and notify}
Session ID: afb167df20441ea7c03ad473bbd0d294
2020-01-28 19:07:07,252 INFO [main] c.t.t.t.TestBase [TestBase.java:27] Stop test teamCreationTestFromHeaderWithDP
2020-01-28 19:07:07,254 INFO [main] c.t.t.t.TestBase [TestBase.java:21] Start test teamCreationTestFromHeaderWithDP with parameters [TeamData{teamName='2', teamDescr=' 1X1ixsfAEUIMRbwJUz2YheUcRABfcN0lISgTJpWSOkRSJmnWapsFehbWx2eSEkqdhKaArwd5uU9lO3tlJjvEphWLQ499kd0q1ANB'}]
2020-01-28 19:07:08,353 ERROR [main] c.t.t.u.Listener [Listener.java:17] teamCreationTestFromHeaderWithDP
FAILED
org.openqa.selenium.ElementClickInterceptedException: element click intercepted: Element <span color="light" name="house" class="_2BQG4yPMt5s_hu _2hgn5meZL7bJdx _1ctYJ9-gOV_hrm _3Xj1tqB73NcWn3" role="presentation"></span> is not clickable at point (20, 20). Other element would receive the click: <div class="_3gUubwRZDWaOF0 _1URVGCiHsrWlwF _1M7BOT0FSOTl2E" role="dialog">...</div>
  (Session info: chrome=79.0.3945.130)
Build info: version: '3.141.59', revision: 'e82be7d358', time: '2018-11-14T08:17:03'
System info: host: 'LAPTOP-AS0A9L68', ip: '192.168.1.16', os.name: 'Windows 10', os.arch: 'amd64', os.version: '10.0', java.version: '1.8.0_212'
Driver info: org.openqa.selenium.chrome.ChromeDriver
Capabilities {acceptInsecureCerts: false, browserName: chrome, browserVersion: 79.0.3945.130, chrome: {chromedriverVersion: 79.0.3945.36 (3582db32b3389..., userDataDir: C:\Users\46AD~1\AppData\Loc...}, goog:chromeOptions: {debuggerAddress: localhost:53608}, javascriptEnabled: true, networkConnectionEnabled: false, pageLoadStrategy: normal, platform: WINDOWS, platformName: WINDOWS, proxy: Proxy(), setWindowRect: true, strictFileInteractability: false, timeouts: {implicit: 0, pageLoad: 300000, script: 30000}, unhandledPromptBehavior: dismiss and notify}
Session ID: afb167df20441ea7c03ad473bbd0d294
2020-01-28 19:07:08,360 INFO [main] c.t.t.t.TestBase [TestBase.java:27] Stop test teamCreationTestFromHeaderWithDP
2020-01-28 19:07:08,361 INFO [main] c.t.t.t.TestBase [TestBase.java:21] Start test teamCreationTestFromHeaderWithDP with parameters [TeamData{teamName='&%"', teamDescr='nz9LIpvznDSonBWs4kFy7gMUKoBD1PFL3R3zBAYZfqYWvf0e6V9OVjzE3gsJOakSmANhq2YpUidgChoKBDgKCe7iVPyehkzgPf6O'}]
2020-01-28 19:07:09,462 ERROR [main] c.t.t.u.Listener [Listener.java:17] teamCreationTestFromHeaderWithDP
FAILED
org.openqa.selenium.ElementClickInterceptedException: element click intercepted: Element <span color="light" name="house" class="_2BQG4yPMt5s_hu _2hgn5meZL7bJdx _1ctYJ9-gOV_hrm _3Xj1tqB73NcWn3" role="presentation"></span> is not clickable at point (20, 20). Other element would receive the click: <div class="_3gUubwRZDWaOF0 _1URVGCiHsrWlwF _1M7BOT0FSOTl2E" role="dialog">...</div>
  (Session info: chrome=79.0.3945.130)
Build info: version: '3.141.59', revision: 'e82be7d358', time: '2018-11-14T08:17:03'
System info: host: 'LAPTOP-AS0A9L68', ip: '192.168.1.16', os.name: 'Windows 10', os.arch: 'amd64', os.version: '10.0', java.version: '1.8.0_212'
Driver info: org.openqa.selenium.chrome.ChromeDriver
Capabilities {acceptInsecureCerts: false, browserName: chrome, browserVersion: 79.0.3945.130, chrome: {chromedriverVersion: 79.0.3945.36 (3582db32b3389..., userDataDir: C:\Users\46AD~1\AppData\Loc...}, goog:chromeOptions: {debuggerAddress: localhost:53608}, javascriptEnabled: true, networkConnectionEnabled: false, pageLoadStrategy: normal, platform: WINDOWS, platformName: WINDOWS, proxy: Proxy(), setWindowRect: true, strictFileInteractability: false, timeouts: {implicit: 0, pageLoad: 300000, script: 30000}, unhandledPromptBehavior: dismiss and notify}
Session ID: afb167df20441ea7c03ad473bbd0d294
2020-01-28 19:07:09,465 INFO [main] c.t.t.t.TestBase [TestBase.java:27] Stop test teamCreationTestFromHeaderWithDP
2020-01-28 19:43:49,137 INFO [Test worker] c.t.t.t.TestBase [TestBase.java:21] Start test teamCreationTestFromHeader with parameters []
2020-01-28 19:45:08,459 ERROR [Test worker] c.t.t.u.Listener [Listener.java:17] teamCreationTestFromHeader
FAILED
org.openqa.selenium.NoSuchElementException: no such element: Unable to locate element: {"method":"css selector","selector":"[data-test-id=show-later-button]"}
  (Session info: chrome=79.0.3945.130)
For documentation on this error, please visit: https://www.seleniumhq.org/exceptions/no_such_element.html
Build info: version: '3.141.59', revision: 'e82be7d358', time: '2018-11-14T08:17:03'
System info: host: 'LAPTOP-AS0A9L68', ip: '192.168.1.16', os.name: 'Windows 10', os.arch: 'amd64', os.version: '10.0', java.version: '1.8.0_212'
Driver info: org.openqa.selenium.chrome.ChromeDriver
Capabilities {acceptInsecureCerts: false, browserName: chrome, browserVersion: 79.0.3945.130, chrome: {chromedriverVersion: 79.0.3945.36 (3582db32b3389..., userDataDir: C:\Users\46AD~1\AppData\Loc...}, goog:chromeOptions: {debuggerAddress: localhost:55898}, javascriptEnabled: true, networkConnectionEnabled: false, pageLoadStrategy: normal, platform: WINDOWS, platformName: WINDOWS, proxy: Proxy(), setWindowRect: true, strictFileInteractability: false, timeouts: {implicit: 0, pageLoad: 300000, script: 30000}, unhandledPromptBehavior: dismiss and notify}
Session ID: 039d8d41f936500ed587630466d3582d
*** Element info: {Using=css selector, value=[data-test-id=show-later-button]}
2020-01-28 19:45:08,462 INFO [Test worker] c.t.t.t.TestBase [TestBase.java:27] Stop test teamCreationTestFromHeader
2020-01-28 19:45:08,560 INFO [Test worker] c.t.t.t.TestBase [TestBase.java:21] Start test teamCreationTestFromHeaderWithDP with parameters [TeamData{teamName='mpeayp27jjrbi_67f7cle', teamDescr='mpeayp27jjrbi67f7cle'}]
2020-01-28 19:45:09,733 ERROR [Test worker] c.t.t.u.Listener [Listener.java:17] teamCreationTestFromHeaderWithDP
FAILED
org.openqa.selenium.ElementClickInterceptedException: element click intercepted: Element <span color="light" name="house" class="_2BQG4yPMt5s_hu _2hgn5meZL7bJdx _1ctYJ9-gOV_hrm _3Xj1tqB73NcWn3" role="presentation"></span> is not clickable at point (20, 20). Other element would receive the click: <div class="_3gUubwRZDWaOF0 _1URVGCiHsrWlwF _1M7BOT0FSOTl2E" role="dialog">...</div>
  (Session info: chrome=79.0.3945.130)
Build info: version: '3.141.59', revision: 'e82be7d358', time: '2018-11-14T08:17:03'
System info: host: 'LAPTOP-AS0A9L68', ip: '192.168.1.16', os.name: 'Windows 10', os.arch: 'amd64', os.version: '10.0', java.version: '1.8.0_212'
Driver info: org.openqa.selenium.chrome.ChromeDriver
Capabilities {acceptInsecureCerts: false, browserName: chrome, browserVersion: 79.0.3945.130, chrome: {chromedriverVersion: 79.0.3945.36 (3582db32b3389..., userDataDir: C:\Users\46AD~1\AppData\Loc...}, goog:chromeOptions: {debuggerAddress: localhost:55898}, javascriptEnabled: true, networkConnectionEnabled: false, pageLoadStrategy: normal, platform: WINDOWS, platformName: WINDOWS, proxy: Proxy(), setWindowRect: true, strictFileInteractability: false, timeouts: {implicit: 0, pageLoad: 300000, script: 30000}, unhandledPromptBehavior: dismiss and notify}
Session ID: 039d8d41f936500ed587630466d3582d
2020-01-28 19:45:09,735 INFO [Test worker] c.t.t.t.TestBase [TestBase.java:27] Stop test teamCreationTestFromHeaderWithDP
2020-01-28 19:45:09,736 INFO [Test worker] c.t.t.t.TestBase [TestBase.java:21] Start test teamCreationTestFromHeaderWithDP with parameters [TeamData{teamName='2', teamDescr=' 1X1ixsfAEUIMRbwJUz2YheUcRABfcN0lISgTJpWSOkRSJmnWapsFehbWx2eSEkqdhKaArwd5uU9lO3tlJjvEphWLQ499kd0q1ANB'}]
2020-01-28 19:45:10,865 ERROR [Test worker] c.t.t.u.Listener [Listener.java:17] teamCreationTestFromHeaderWithDP
FAILED
org.openqa.selenium.ElementClickInterceptedException: element click intercepted: Element <span color="light" name="house" class="_2BQG4yPMt5s_hu _2hgn5meZL7bJdx _1ctYJ9-gOV_hrm _3Xj1tqB73NcWn3" role="presentation"></span> is not clickable at point (20, 20). Other element would receive the click: <div class="_3gUubwRZDWaOF0 _1URVGCiHsrWlwF _1M7BOT0FSOTl2E" role="dialog">...</div>
  (Session info: chrome=79.0.3945.130)
Build info: version: '3.141.59', revision: 'e82be7d358', time: '2018-11-14T08:17:03'
System info: host: 'LAPTOP-AS0A9L68', ip: '192.168.1.16', os.name: 'Windows 10', os.arch: 'amd64', os.version: '10.0', java.version: '1.8.0_212'
Driver info: org.openqa.selenium.chrome.ChromeDriver
Capabilities {acceptInsecureCerts: false, browserName: chrome, browserVersion: 79.0.3945.130, chrome: {chromedriverVersion: 79.0.3945.36 (3582db32b3389..., userDataDir: C:\Users\46AD~1\AppData\Loc...}, goog:chromeOptions: {debuggerAddress: localhost:55898}, javascriptEnabled: true, networkConnectionEnabled: false, pageLoadStrategy: normal, platform: WINDOWS, platformName: WINDOWS, proxy: Proxy(), setWindowRect: true, strictFileInteractability: false, timeouts: {implicit: 0, pageLoad: 300000, script: 30000}, unhandledPromptBehavior: dismiss and notify}
Session ID: 039d8d41f936500ed587630466d3582d
2020-01-28 19:45:10,867 INFO [Test worker] c.t.t.t.TestBase [TestBase.java:27] Stop test teamCreationTestFromHeaderWithDP
2020-01-28 19:45:10,869 INFO [Test worker] c.t.t.t.TestBase [TestBase.java:21] Start test teamCreationTestFromHeaderWithDP with parameters [TeamData{teamName='&%"', teamDescr='nz9LIpvznDSonBWs4kFy7gMUKoBD1PFL3R3zBAYZfqYWvf0e6V9OVjzE3gsJOakSmANhq2YpUidgChoKBDgKCe7iVPyehkzgPf6O'}]
2020-01-28 19:45:12,091 ERROR [Test worker] c.t.t.u.Listener [Listener.java:17] teamCreationTestFromHeaderWithDP
FAILED
org.openqa.selenium.ElementClickInterceptedException: element click intercepted: Element <span color="light" name="house" class="_2BQG4yPMt5s_hu _2hgn5meZL7bJdx _1ctYJ9-gOV_hrm _3Xj1tqB73NcWn3" role="presentation"></span> is not clickable at point (20, 20). Other element would receive the click: <div class="_3gUubwRZDWaOF0 _1URVGCiHsrWlwF _1M7BOT0FSOTl2E" role="dialog">...</div>
  (Session info: chrome=79.0.3945.130)
Build info: version: '3.141.59', revision: 'e82be7d358', time: '2018-11-14T08:17:03'
System info: host: 'LAPTOP-AS0A9L68', ip: '192.168.1.16', os.name: 'Windows 10', os.arch: 'amd64', os.version: '10.0', java.version: '1.8.0_212'
Driver info: org.openqa.selenium.chrome.ChromeDriver
Capabilities {acceptInsecureCerts: false, browserName: chrome, browserVersion: 79.0.3945.130, chrome: {chromedriverVersion: 79.0.3945.36 (3582db32b3389..., userDataDir: C:\Users\46AD~1\AppData\Loc...}, goog:chromeOptions: {debuggerAddress: localhost:55898}, javascriptEnabled: true, networkConnectionEnabled: false, pageLoadStrategy: normal, platform: WINDOWS, platformName: WINDOWS, proxy: Proxy(), setWindowRect: true, strictFileInteractability: false, timeouts: {implicit: 0, pageLoad: 300000, script: 30000}, unhandledPromptBehavior: dismiss and notify}
Session ID: 039d8d41f936500ed587630466d3582d
2020-01-28 19:45:12,093 INFO [Test worker] c.t.t.t.TestBase [TestBase.java:27] Stop test teamCreationTestFromHeaderWithDP
2020-01-28 19:49:02,628 INFO [Test worker] c.t.t.t.TestBase [TestBase.java:21] Start test teamCreationTestFromHeader with parameters []
2020-01-28 19:50:22,276 ERROR [Test worker] c.t.t.u.Listener [Listener.java:17] teamCreationTestFromHeader
FAILED
org.openqa.selenium.NoSuchElementException: no such element: Unable to locate element: {"method":"css selector","selector":"[data-test-id=show-later-button]"}
  (Session info: chrome=79.0.3945.130)
For documentation on this error, please visit: https://www.seleniumhq.org/exceptions/no_such_element.html
Build info: version: '3.141.59', revision: 'e82be7d358', time: '2018-11-14T08:17:03'
System info: host: 'LAPTOP-AS0A9L68', ip: '192.168.1.16', os.name: 'Windows 10', os.arch: 'amd64', os.version: '10.0', java.version: '1.8.0_212'
Driver info: org.openqa.selenium.chrome.ChromeDriver
Capabilities {acceptInsecureCerts: false, browserName: chrome, browserVersion: 79.0.3945.130, chrome: {chromedriverVersion: 79.0.3945.36 (3582db32b3389..., userDataDir: C:\Users\46AD~1\AppData\Loc...}, goog:chromeOptions: {debuggerAddress: localhost:56320}, javascriptEnabled: true, networkConnectionEnabled: false, pageLoadStrategy: normal, platform: WINDOWS, platformName: WINDOWS, proxy: Proxy(), setWindowRect: true, strictFileInteractability: false, timeouts: {implicit: 0, pageLoad: 300000, script: 30000}, unhandledPromptBehavior: dismiss and notify}
Session ID: 0c44ef18873f24689ace5d97e0275057
*** Element info: {Using=css selector, value=[data-test-id=show-later-button]}
2020-01-28 19:50:22,279 INFO [Test worker] c.t.t.t.TestBase [TestBase.java:27] Stop test teamCreationTestFromHeader
2020-01-28 19:52:14,088 INFO [Test worker] c.t.t.t.TestBase [TestBase.java:21] Start test teamCreationTestFromHeader with parameters []
2020-01-28 19:53:34,132 ERROR [Test worker] c.t.t.u.Listener [Listener.java:17] teamCreationTestFromHeader
FAILED
org.openqa.selenium.NoSuchElementException: no such element: Unable to locate element: {"method":"css selector","selector":"[data-test-id=show-later-button]"}
  (Session info: chrome=79.0.3945.130)
For documentation on this error, please visit: https://www.seleniumhq.org/exceptions/no_such_element.html
Build info: version: '3.141.59', revision: 'e82be7d358', time: '2018-11-14T08:17:03'
System info: host: 'LAPTOP-AS0A9L68', ip: '192.168.1.16', os.name: 'Windows 10', os.arch: 'amd64', os.version: '10.0', java.version: '1.8.0_212'
Driver info: org.openqa.selenium.chrome.ChromeDriver
Capabilities {acceptInsecureCerts: false, browserName: chrome, browserVersion: 79.0.3945.130, chrome: {chromedriverVersion: 79.0.3945.36 (3582db32b3389..., userDataDir: C:\Users\46AD~1\AppData\Loc...}, goog:chromeOptions: {debuggerAddress: localhost:56628}, javascriptEnabled: true, networkConnectionEnabled: false, pageLoadStrategy: normal, platform: WINDOWS, platformName: WINDOWS, proxy: Proxy(), setWindowRect: true, strictFileInteractability: false, timeouts: {implicit: 0, pageLoad: 300000, script: 30000}, unhandledPromptBehavior: dismiss and notify}
Session ID: b40fa975db82f2011af485fe05f4654f
*** Element info: {Using=css selector, value=[data-test-id=show-later-button]}
2020-01-28 19:53:34,139 INFO [Test worker] c.t.t.t.TestBase [TestBase.java:27] Stop test teamCreationTestFromHeader
2020-01-28 19:54:47,403 INFO [Test worker] c.t.t.t.TestBase [TestBase.java:21] Start test teamCreationTestFromHeader with parameters []
2020-01-28 19:55:52,791 ERROR [Test worker] c.t.t.u.Listener [Listener.java:17] teamCreationTestFromHeader
FAILED
org.openqa.selenium.ElementClickInterceptedException: element click intercepted: Element <button class="_3UeOvlU6B5KUnS X1P6DVryq8CYGC _2MgouXHqRQDP_5 _1noDUDOF093oGA" data-test-id="header-create-team-submit-button" type="submit" disabled="">...</button> is not clickable at point (274, 659). Other element would receive the click: <li class="_38pq5NbRWAG39y">...</li>
  (Session info: chrome=79.0.3945.130)
Build info: version: '3.141.59', revision: 'e82be7d358', time: '2018-11-14T08:17:03'
System info: host: 'LAPTOP-AS0A9L68', ip: '192.168.1.16', os.name: 'Windows 10', os.arch: 'amd64', os.version: '10.0', java.version: '1.8.0_212'
Driver info: org.openqa.selenium.chrome.ChromeDriver
Capabilities {acceptInsecureCerts: false, browserName: chrome, browserVersion: 79.0.3945.130, chrome: {chromedriverVersion: 79.0.3945.36 (3582db32b3389..., userDataDir: C:\Users\46AD~1\AppData\Loc...}, goog:chromeOptions: {debuggerAddress: localhost:56901}, javascriptEnabled: true, networkConnectionEnabled: false, pageLoadStrategy: normal, platform: WINDOWS, platformName: WINDOWS, proxy: Proxy(), setWindowRect: true, strictFileInteractability: false, timeouts: {implicit: 0, pageLoad: 300000, script: 30000}, unhandledPromptBehavior: dismiss and notify}
Session ID: 6c91de297d252ca51f0e404838d68000
2020-01-28 19:55:52,794 INFO [Test worker] c.t.t.t.TestBase [TestBase.java:27] Stop test teamCreationTestFromHeader
2020-02-02 19:22:51,255 INFO [Test worker] c.t.t.t.TestBase [TestBase.java:21] Start test logInTest with parameters []
2020-02-02 19:23:45,762 ERROR [Test worker] c.t.t.u.Listener [Listener.java:17] logInTest
FAILED
org.openqa.selenium.NoSuchElementException: no such element: Unable to locate element: {"method":"css selector","selector":"#login-submit"}
  (Session info: chrome=79.0.3945.130)
For documentation on this error, please visit: https://www.seleniumhq.org/exceptions/no_such_element.html
Build info: version: '3.141.59', revision: 'e82be7d358', time: '2018-11-14T08:17:03'
System info: host: 'LAPTOP-AS0A9L68', ip: '192.168.43.149', os.name: 'Windows 10', os.arch: 'amd64', os.version: '10.0', java.version: '1.8.0_212'
Driver info: org.openqa.selenium.chrome.ChromeDriver
Capabilities {acceptInsecureCerts: false, browserName: chrome, browserVersion: 79.0.3945.130, chrome: {chromedriverVersion: 79.0.3945.36 (3582db32b3389..., userDataDir: C:\Users\46AD~1\AppData\Loc...}, goog:chromeOptions: {debuggerAddress: localhost:63453}, javascriptEnabled: true, networkConnectionEnabled: false, pageLoadStrategy: normal, platform: WINDOWS, platformName: WINDOWS, proxy: Proxy(), setWindowRect: true, strictFileInteractability: false, timeouts: {implicit: 0, pageLoad: 300000, script: 30000}, unhandledPromptBehavior: dismiss and notify}
Session ID: 82219841c1a6e94910be4df1872adbdd
*** Element info: {Using=css selector, value=#login-submit}
2020-02-02 19:23:45,764 INFO [Test worker] c.t.t.t.TestBase [TestBase.java:27] Stop test logInTest
2020-02-02 19:23:45,813 INFO [Test worker] c.t.t.t.TestBase [TestBase.java:21] Start test testBoardCreationFromHeader with parameters []
2020-02-02 19:24:15,930 INFO [Test worker] c.t.t.t.TestBase [TestBase.java:21] Start test testFirstBoardDeletion with parameters []
2020-02-02 19:24:46,036 INFO [Test worker] c.t.t.t.TestBase [TestBase.java:21] Start test teamCreationTestFromHeader with parameters []
